<?xml version="1.0" encoding="UTF-8"?>
<Site BuildName="(empty)"
	BuildStamp="20230713-1153-Experimental"
	Name="bblab"
	Generator="ctest-3.22.1"
	CompilerName="/usr/bin/g++"
	CompilerVersion="11.3.0"
	OSName="Linux"
	Hostname="bblab"
	OSRelease="5.19.0-46-generic"
	OSVersion="#47~22.04.1-Ubuntu SMP PREEMPT_DYNAMIC Wed Jun 21 15:35:31 UTC 2"
	OSPlatform="x86_64"
	Is64Bits="1"
	VendorString="GenuineIntel"
	VendorID="Intel Corporation"
	FamilyID="6"
	ModelID="140"
	ProcessorCacheSize="8192"
	NumberOfLogicalCPU="8"
	NumberOfPhysicalCPU="4"
	TotalVirtualMemory="2047"
	TotalPhysicalMemory="15787"
	LogicalProcessorsPerPhysical="2"
	ProcessorClockFrequency="3799.86"
	>
	<Testing>
		<StartDateTime>Jul 13 13:53 CEST</StartDateTime>
		<StartTestTime>1689249184</StartTestTime>
		<TestList/>
		<EndDateTime>Jul 13 13:53 CEST</EndDateTime>
		<EndTestTime>1689249184</EndTestTime>
		<ElapsedMinutes>0</ElapsedMinutes>
	</Testing>
</Site>
